{"name": "test_frame", "status": "broken", "statusDetails": {"message": "selenium.common.exceptions.NoSuchElementException: Message: no such element: Unable to locate element: {\"method\":\"xpath\",\"selector\":\"//a[@href=\"https://www.hotstar.com/\"]\"}\n  (Session info: chrome=133.0.6943.59); For documentation on this error, please visit: https://www.selenium.dev/documentation/webdriver/troubleshooting/errors#no-such-element-exception\nStacktrace:\n\tGetHandleVerifier [0x00007FF79C212EC5+28789]\n\t(No symbol) [0x00007FF79C17F870]\n\t(No symbol) [0x00007FF79C018F9A]\n\t(No symbol) [0x00007FF79C06F236]\n\t(No symbol) [0x00007FF79C06F46C]\n\t(No symbol) [0x00007FF79C0C29F7]\n\t(No symbol) [0x00007FF79C09725F]\n\t(No symbol) [0x00007FF79C0BF6C3]\n\t(No symbol) [0x00007FF79C096FF3]\n\t(No symbol) [0x00007FF79C05FF0E]\n\t(No symbol) [0x00007FF79C061193]\n\tGetHandleVerifier [0x00007FF79C55D5FD+3479469]\n\tGetHandleVerifier [0x00007FF79C5771A3+3584851]\n\tGetHandleVerifier [0x00007FF79C56C44D+3540477]\n\tGetHandleVerifier [0x00007FF79C2D8B6A+838938]\n\t(No symbol) [0x00007FF79C18A4EF]\n\t(No symbol) [0x00007FF79C186954]\n\t(No symbol) [0x00007FF79C186AF6]\n\t(No symbol) [0x00007FF79C176499]\n\tBaseThreadInitThunk [0x00007FFC2B3DE8D7+23]\n\tRtlUserThreadStart [0x00007FFC2CADFBCC+44]", "trace": "self = <Tests.test_frame.Testframe object at 0x000001B4F6DF9450>, driver = <selenium.webdriver.chrome.webdriver.WebDriver (session=\"4be5514e81c3a8b1f5bb4856f6a536c8\")>\n\n    def test_frame(self, driver):\n        home_page = Homepage(driver)\n        frame_page = IframePage(driver)\n        time.sleep(5)\n        home_page.click_iframes()\n        time.sleep(10)\n>       frame_page.click_disney_image()\n\nTests\\test_frame.py:16: \n_ _ _ _ _ _ _ _ _ _ _ _ _ _ _ _ _ _ _ _ _ _ _ _ _ _ _ _ _ _ _ _ _ _ _ _ _ _ _ _ _ _ _ _ _ _ _ _ _ _ _ _ _ _ _ _ _ _ _ _ _ _ _ _ _ _ _ _ _ _ _ _ _ _ _ _ _ _ _ _ _ _ _ _ _ _ _ _ _\nPages\\Iframespage.py:13: in click_disney_image\n    self.driver.find_element(*self.Disney).click()\n.venv\\Lib\\site-packages\\selenium\\webdriver\\remote\\webdriver.py:888: in find_element\n    return self.execute(Command.FIND_ELEMENT, {\"using\": by, \"value\": value})[\"value\"]\n.venv\\Lib\\site-packages\\selenium\\webdriver\\remote\\webdriver.py:429: in execute\n    self.error_handler.check_response(response)\n_ _ _ _ _ _ _ _ _ _ _ _ _ _ _ _ _ _ _ _ _ _ _ _ _ _ _ _ _ _ _ _ _ _ _ _ _ _ _ _ _ _ _ _ _ _ _ _ _ _ _ _ _ _ _ _ _ _ _ _ _ _ _ _ _ _ _ _ _ _ _ _ _ _ _ _ _ _ _ _ _ _ _ _ _ _ _ _ _\n\nself = <selenium.webdriver.remote.errorhandler.ErrorHandler object at 0x000001B4F6DB1570>\nresponse = {'status': 404, 'value': '{\"value\":{\"error\":\"no such element\",\"message\":\"no such element: Unable to locate element: {\\...07FF79C176499]\\\\n\\\\tBaseThreadInitThunk [0x00007FFC2B3DE8D7+23]\\\\n\\\\tRtlUserThreadStart [0x00007FFC2CADFBCC+44]\\\\n\"}}'}\n\n    def check_response(self, response: Dict[str, Any]) -> None:\n        \"\"\"Checks that a JSON response from the WebDriver does not have an\n        error.\n    \n        :Args:\n         - response - The JSON response from the WebDriver server as a dictionary\n           object.\n    \n        :Raises: If the response contains an error message.\n        \"\"\"\n        status = response.get(\"status\", None)\n        if not status or status == ErrorCode.SUCCESS:\n            return\n        value = None\n        message = response.get(\"message\", \"\")\n        screen: str = response.get(\"screen\", \"\")\n        stacktrace = None\n        if isinstance(status, int):\n            value_json = response.get(\"value\", None)\n            if value_json and isinstance(value_json, str):\n                import json\n    \n                try:\n                    value = json.loads(value_json)\n                    if len(value) == 1:\n                        value = value[\"value\"]\n                    status = value.get(\"error\", None)\n                    if not status:\n                        status = value.get(\"status\", ErrorCode.UNKNOWN_ERROR)\n                        message = value.get(\"value\") or value.get(\"message\")\n                        if not isinstance(message, str):\n                            value = message\n                            message = message.get(\"message\")\n                    else:\n                        message = value.get(\"message\", None)\n                except ValueError:\n                    pass\n    \n        exception_class: Type[WebDriverException]\n        e = ErrorCode()\n        error_codes = [item for item in dir(e) if not item.startswith(\"__\")]\n        for error_code in error_codes:\n            error_info = getattr(ErrorCode, error_code)\n            if isinstance(error_info, list) and status in error_info:\n                exception_class = getattr(ExceptionMapping, error_code, WebDriverException)\n                break\n        else:\n            exception_class = WebDriverException\n    \n        if not value:\n            value = response[\"value\"]\n        if isinstance(value, str):\n            raise exception_class(value)\n        if message == \"\" and \"message\" in value:\n            message = value[\"message\"]\n    \n        screen = None  # type: ignore[assignment]\n        if \"screen\" in value:\n            screen = value[\"screen\"]\n    \n        stacktrace = None\n        st_value = value.get(\"stackTrace\") or value.get(\"stacktrace\")\n        if st_value:\n            if isinstance(st_value, str):\n                stacktrace = st_value.split(\"\\n\")\n            else:\n                stacktrace = []\n                try:\n                    for frame in st_value:\n                        line = frame.get(\"lineNumber\", \"\")\n                        file = frame.get(\"fileName\", \"<anonymous>\")\n                        if line:\n                            file = f\"{file}:{line}\"\n                        meth = frame.get(\"methodName\", \"<anonymous>\")\n                        if \"className\" in frame:\n                            meth = f\"{frame['className']}.{meth}\"\n                        msg = \"    at %s (%s)\"\n                        msg = msg % (meth, file)\n                        stacktrace.append(msg)\n                except TypeError:\n                    pass\n        if exception_class == UnexpectedAlertPresentException:\n            alert_text = None\n            if \"data\" in value:\n                alert_text = value[\"data\"].get(\"text\")\n            elif \"alert\" in value:\n                alert_text = value[\"alert\"].get(\"text\")\n            raise exception_class(message, screen, stacktrace, alert_text)  # type: ignore[call-arg]  # mypy is not smart enough here\n>       raise exception_class(message, screen, stacktrace)\nE       selenium.common.exceptions.NoSuchElementException: Message: no such element: Unable to locate element: {\"method\":\"xpath\",\"selector\":\"//a[@href=\"https://www.hotstar.com/\"]\"}\nE         (Session info: chrome=133.0.6943.59); For documentation on this error, please visit: https://www.selenium.dev/documentation/webdriver/troubleshooting/errors#no-such-element-exception\nE       Stacktrace:\nE       \tGetHandleVerifier [0x00007FF79C212EC5+28789]\nE       \t(No symbol) [0x00007FF79C17F870]\nE       \t(No symbol) [0x00007FF79C018F9A]\nE       \t(No symbol) [0x00007FF79C06F236]\nE       \t(No symbol) [0x00007FF79C06F46C]\nE       \t(No symbol) [0x00007FF79C0C29F7]\nE       \t(No symbol) [0x00007FF79C09725F]\nE       \t(No symbol) [0x00007FF79C0BF6C3]\nE       \t(No symbol) [0x00007FF79C096FF3]\nE       \t(No symbol) [0x00007FF79C05FF0E]\nE       \t(No symbol) [0x00007FF79C061193]\nE       \tGetHandleVerifier [0x00007FF79C55D5FD+3479469]\nE       \tGetHandleVerifier [0x00007FF79C5771A3+3584851]\nE       \tGetHandleVerifier [0x00007FF79C56C44D+3540477]\nE       \tGetHandleVerifier [0x00007FF79C2D8B6A+838938]\nE       \t(No symbol) [0x00007FF79C18A4EF]\nE       \t(No symbol) [0x00007FF79C186954]\nE       \t(No symbol) [0x00007FF79C186AF6]\nE       \t(No symbol) [0x00007FF79C176499]\nE       \tBaseThreadInitThunk [0x00007FFC2B3DE8D7+23]\nE       \tRtlUserThreadStart [0x00007FFC2CADFBCC+44]\n\n.venv\\Lib\\site-packages\\selenium\\webdriver\\remote\\errorhandler.py:232: NoSuchElementException"}, "start": 1739343147764, "stop": 1739343163799, "uuid": "528b12e8-604f-488c-9788-f62e41eade84", "historyId": "229316a7cc5e41e3622aad120be7e479", "testCaseId": "229316a7cc5e41e3622aad120be7e479", "fullName": "Tests.test_frame.Testframe#test_frame", "labels": [{"name": "parentSuite", "value": "Tests"}, {"name": "suite", "value": "test_frame"}, {"name": "subSuite", "value": "Testframe"}, {"name": "host", "value": "DESKTOP-2M8T9QP"}, {"name": "thread", "value": "22944-MainThread"}, {"name": "framework", "value": "pytest"}, {"name": "language", "value": "cpython3"}, {"name": "package", "value": "Tests.test_frame"}]}